<?xml version="1.0" encoding="UTF-8"?>
<!-- Generated by org.testng.reporters.JUnitReportReporter -->
<testsuite skipped="0" hostname="MSI" name="Runners.APITestingRunner" tests="1" failures="0" timestamp="03 Sep 2018 20:09:08 GMT" time="7.103" errors="0">
  <testcase name="runScenario" time="7.103" classname="Runners.APITestingRunner"/>
</testsuite> <!-- Runners.APITestingRunner -->
