<?xml version="1.0" encoding="UTF-8"?>
<!-- Generated by org.testng.reporters.JUnitReportReporter -->
<testsuite skipped="0" hostname="MSI" name="Runners.CukesRunner" tests="2" failures="0" timestamp="03 Sep 2018 20:09:08 GMT" time="14.795" errors="0">
  <testcase name="runScenario" time="10.388" classname="Runners.CukesRunner"/>
  <testcase name="runScenario" time="4.407" classname="Runners.CukesRunner"/>
</testsuite> <!-- Runners.CukesRunner -->
