<?xml version="1.0" encoding="UTF-8"?>
<!-- Generated by org.testng.reporters.JUnitReportReporter -->
<testsuite skipped="0" hostname="MSI" name="Runners.CukesRunner" tests="1" failures="0" timestamp="03 Sep 2018 17:35:14 GMT" time="6.284" errors="0">
  <testcase name="runScenario" time="6.284" classname="Runners.CukesRunner"/>
</testsuite> <!-- Runners.CukesRunner -->
