<?xml version="1.0" encoding="UTF-8"?>
<!-- Generated by org.testng.reporters.JUnitReportReporter -->
<testsuite skipped="1" hostname="MSI" name="Runners.CukesRunner" tests="1" failures="0" timestamp="01 Sep 2018 21:01:36 GMT" time="0.041" errors="0">
  <testcase name="runScenario" time="0.041" classname="Runners.CukesRunner">
    <skipped/>
  </testcase> <!-- runScenario -->
</testsuite> <!-- Runners.CukesRunner -->
